
> forty-seven-service@0.1.0 admin:dev
> npm --prefix admin-web run dev


> 47service-license-admin@0.1.0 dev
> next dev --hostname 127.0.0.1 --port 3001

   ▲ Next.js 15.5.18
   - Local:        http://127.0.0.1:3001
   - Network:      http://127.0.0.1:3001
   - Environments: .env

 ✓ Starting...
 ✓ Ready in 1877ms
 ○ Compiling / ...
 ✓ Compiled / in 813ms (600 modules)
 GET / 200 in 1161ms
 ✓ Compiled /api/auth/login in 246ms (620 modules)
 POST /api/auth/login 200 in 366ms
 GET / 200 in 105ms
 GET / 200 in 119ms
 POST /api/auth/login 200 in 19ms
 GET / 200 in 43ms
 GET / 200 in 109ms
