
> 47service-license-admin@0.1.0 dev
> next dev --hostname 127.0.0.1 --port 3001

   ▲ Next.js 15.5.18
   - Local:        http://127.0.0.1:3001
   - Network:      http://127.0.0.1:3001
   - Environments: .env

 ✓ Starting...
 ✓ Ready in 1887ms
 ○ Compiling / ...
 ✓ Compiled / in 1342ms (602 modules)
 GET / 200 in 1703ms
 GET / 200 in 74ms
 ✓ Compiled /api/auth/login in 318ms (622 modules)
 POST /api/auth/login 200 in 447ms
 GET / 200 in 93ms
 GET / 200 in 52ms
 ✓ Compiled /api/proofs/[proofId] in 161ms (610 modules)
 GET /api/proofs/cmpowteyb0000vxnoc1dsahk1 200 in 308ms
 ✓ Compiled in 298ms (624 modules)
 ✓ Compiled in 90ms (256 modules)
 GET / 200 in 108ms
 POST /api/auth/login 200 in 32ms
 GET / 200 in 25ms
 GET /api/proofs/cmpowteyb0000vxnoc1dsahk1 200 in 16ms
